<?xml version="1.0" encoding="UTF-8"?>
<testng-results ignored="0" total="1" passed="1" failed="0" skipped="0">
  <reporter-output>
  </reporter-output>
  <suite started-at="2023-02-05T09:47:51 IST" name="Default suite" finished-at="2023-02-05T09:48:28 IST" duration-ms="37002">
    <groups>
    </groups>
    <test started-at="2023-02-05T09:47:51 IST" name="Default test" finished-at="2023-02-05T09:48:28 IST" duration-ms="37002">
      <class name="mavenproject.ActiTimeTest">
        <test-method is-config="true" signature="beforeSuitMethod()[pri:0, instance:mavenproject.ActiTimeTest@2c1b194a]" started-at="2023-02-05T09:47:51 IST" name="beforeSuitMethod" finished-at="2023-02-05T09:47:51 IST" duration-ms="25" status="PASS">
          <reporter-output>
          </reporter-output>
        </test-method> <!-- beforeSuitMethod -->
        <test-method is-config="true" signature="launchBrowser()[pri:0, instance:mavenproject.ActiTimeTest@2c1b194a]" started-at="2023-02-05T09:47:51 IST" name="launchBrowser" finished-at="2023-02-05T09:48:01 IST" duration-ms="10272" status="PASS">
          <reporter-output>
          </reporter-output>
        </test-method> <!-- launchBrowser -->
        <test-method is-config="true" signature="loginApplication()[pri:0, instance:mavenproject.ActiTimeTest@2c1b194a]" started-at="2023-02-05T09:48:02 IST" name="loginApplication" finished-at="2023-02-05T09:48:18 IST" duration-ms="16016" status="PASS">
          <reporter-output>
          </reporter-output>
        </test-method> <!-- loginApplication -->
        <test-method signature="chaangeGeneralSetting()[pri:0, instance:mavenproject.ActiTimeTest@2c1b194a]" started-at="2023-02-05T09:48:18 IST" name="chaangeGeneralSetting" finished-at="2023-02-05T09:48:28 IST" duration-ms="10590" status="PASS">
          <reporter-output>
          </reporter-output>
        </test-method> <!-- chaangeGeneralSetting -->
        <test-method is-config="true" signature="logOutApplication()[pri:0, instance:mavenproject.ActiTimeTest@2c1b194a]" started-at="2023-02-05T09:48:28 IST" name="logOutApplication" finished-at="2023-02-05T09:48:28 IST" duration-ms="3" status="PASS">
          <reporter-output>
          </reporter-output>
        </test-method> <!-- logOutApplication -->
        <test-method is-config="true" signature="CloseBrowser()[pri:0, instance:mavenproject.ActiTimeTest@2c1b194a]" started-at="2023-02-05T09:48:28 IST" name="CloseBrowser" finished-at="2023-02-05T09:48:28 IST" duration-ms="1" status="PASS">
          <reporter-output>
          </reporter-output>
        </test-method> <!-- CloseBrowser -->
        <test-method is-config="true" signature="afterSuitMethod()[pri:0, instance:mavenproject.ActiTimeTest@2c1b194a]" started-at="2023-02-05T09:48:28 IST" name="afterSuitMethod" finished-at="2023-02-05T09:48:28 IST" duration-ms="1" status="PASS">
          <reporter-output>
          </reporter-output>
        </test-method> <!-- afterSuitMethod -->
      </class> <!-- mavenproject.ActiTimeTest -->
    </test> <!-- Default test -->
  </suite> <!-- Default suite -->
</testng-results>
